Replace Symbol from * Heatsink 1 pad transistor TO220 in D:\Documents\Altium\Projects\Audio amp\Audio amp\Amp.SchDoc with Heatsink 1 pad transistor TO220 from Heatsinks.IntLib
Replace Symbol from *? Heatsink 1 pad transistor TO220 in D:\Documents\Altium\Projects\Audio amp\Audio amp\Amp.SchDoc with Heatsink 1 pad transistor TO220 from Heatsinks.IntLib
Replace Symbol from C1 Capacitor Aluminium in D:\Documents\Altium\Projects\Audio amp\Audio amp\Amp.SchDoc with Capacitor Aluminium from Passive.IntLib
Replace Symbol from C2 Capacitor Aluminium in D:\Documents\Altium\Projects\Audio amp\Audio amp\Amp.SchDoc with Capacitor Aluminium from Passive.IntLib
Replace Symbol from C3 Capacitor Aluminium in D:\Documents\Altium\Projects\Audio amp\Audio amp\Amp.SchDoc with Capacitor Aluminium from Passive.IntLib
Replace Symbol from C4 Capacitor Ceramic in D:\Documents\Altium\Projects\Audio amp\Audio amp\Amp.SchDoc with Capacitor Ceramic from Passive.IntLib
Replace Symbol from C5 Capacitor Ceramic in D:\Documents\Altium\Projects\Audio amp\Audio amp\Amp.SchDoc with Capacitor Ceramic from Passive.IntLib
Replace Symbol from C6 Capacitor Aluminium in D:\Documents\Altium\Projects\Audio amp\Audio amp\Amp.SchDoc with Capacitor Aluminium from Passive.IntLib
Replace Symbol from C7 Capacitor Ceramic in D:\Documents\Altium\Projects\Audio amp\Audio amp\Amp.SchDoc with Capacitor Ceramic from Passive.IntLib
Replace Symbol from C8 Capacitor Ceramic in D:\Documents\Altium\Projects\Audio amp\Audio amp\Amp.SchDoc with Capacitor Ceramic from Passive.IntLib
Replace Symbol from C9 Capacitor Aluminium in D:\Documents\Altium\Projects\Audio amp\Audio amp\Amp.SchDoc with Capacitor Aluminium from Passive.IntLib
Replace Symbol from C10 Capacitor Aluminium in D:\Documents\Altium\Projects\Audio amp\Audio amp\Amp.SchDoc with Capacitor Aluminium from Passive.IntLib
Replace Symbol from C11 Capacitor Ceramic in D:\Documents\Altium\Projects\Audio amp\Audio amp\Amp.SchDoc with Capacitor Ceramic from Passive.IntLib
Replace Symbol from C12 Capacitor Ceramic in D:\Documents\Altium\Projects\Audio amp\Audio amp\Amp.SchDoc with Capacitor Ceramic from Passive.IntLib
Replace Symbol from j1 screw terminal 1x4 in D:\Documents\Altium\Projects\Audio amp\Audio amp\Amp.SchDoc with screw terminal 1x4 from connectors.IntLib
Replace Symbol from J2 pinheader 1x3 in D:\Documents\Altium\Projects\Audio amp\Audio amp\Amp.SchDoc with pinheader 1x3 from connectors.IntLib
Replace Symbol from j3 screw terminal 1x3 in D:\Documents\Altium\Projects\Audio amp\Audio amp\Amp.SchDoc with screw terminal 1x3 from connectors.IntLib
Replace Symbol from R1 Resistor Fixed in D:\Documents\Altium\Projects\Audio amp\Audio amp\Amp.SchDoc with Resistor Fixed from Passive.IntLib
Replace Symbol from R2 Resistor Fixed in D:\Documents\Altium\Projects\Audio amp\Audio amp\Amp.SchDoc with Resistor Fixed from Passive.IntLib
Replace Symbol from R3 Resistor Fixed in D:\Documents\Altium\Projects\Audio amp\Audio amp\Amp.SchDoc with Resistor Fixed from Passive.IntLib
Replace Symbol from R4 Resistor Fixed in D:\Documents\Altium\Projects\Audio amp\Audio amp\Amp.SchDoc with Resistor Fixed from Passive.IntLib
Replace Symbol from R5 Resistor Fixed in D:\Documents\Altium\Projects\Audio amp\Audio amp\Amp.SchDoc with Resistor Fixed from Passive.IntLib
Replace Symbol from R6 Resistor Fixed in D:\Documents\Altium\Projects\Audio amp\Audio amp\Amp.SchDoc with Resistor Fixed from Passive.IntLib
Replace Symbol from R7 Resistor Potentiometer 2 Gang in D:\Documents\Altium\Projects\Audio amp\Audio amp\Amp.SchDoc with Resistor Potentiometer 2 Gang from Passive.IntLib
Replace Symbol from R8 Resistor Fixed in D:\Documents\Altium\Projects\Audio amp\Audio amp\Amp.SchDoc with Resistor Fixed from Passive.IntLib
Replace Symbol from R9 Resistor Fixed in D:\Documents\Altium\Projects\Audio amp\Audio amp\Amp.SchDoc with Resistor Fixed from Passive.IntLib
Replace Symbol from U1 Amp IC TDA2030AV in D:\Documents\Altium\Projects\Audio amp\Audio amp\Amp.SchDoc with Amp IC TDA2030AV from ICs.IntLib
Replace Symbol from U2 Amp IC TDA2030AV in D:\Documents\Altium\Projects\Audio amp\Audio amp\Amp.SchDoc with Amp IC TDA2030AV from ICs.IntLib
Replace Symbol from VD1 Diode single in D:\Documents\Altium\Projects\Audio amp\Audio amp\Amp.SchDoc with Diode single from diode.IntLib
Replace Symbol from VD2 Diode single in D:\Documents\Altium\Projects\Audio amp\Audio amp\Amp.SchDoc with Diode single from diode.IntLib
Replace Symbol from VD3 Diode single in D:\Documents\Altium\Projects\Audio amp\Audio amp\Amp.SchDoc with Diode single from diode.IntLib
Replace Symbol from VD4 Diode single in D:\Documents\Altium\Projects\Audio amp\Audio amp\Amp.SchDoc with Diode single from diode.IntLib
