Added Component: Designator=*1(Heatsink To220 1 pin HSS-B20-0635H)
Added Component: Designator=*(Heatsink To220 1 pin HSS-B20-0635H)
Added Component: Designator=C1(CAP Electrolytic TH D5C2H11)
Added Component: Designator=C2(CAP Electrolytic TH D5C2H11)
Added Component: Designator=C3(CAP Electrolytic TH D16C7.5H25)
Added Component: Designator=C6(CAP Electrolytic TH D16C7.5H31.5)
Added Component: Designator=C7(CAP Electrolytic TH D5C2H11)
Added Component: Designator=C9(CAP Electrolytic TH D5C2H11)
Added Component: Designator=C10(CAP Electrolytic TH D16C7.5H31.5)
Added Component: Designator=C11(CAP Electrolytic TH D5C2H11)
Added Component: Designator=C12(CAP Electrolytic TH D5C2H11)
Added Component: Designator=C14(CAP Electrolytic TH D16C7.5H31.5)
Added Component: Designator=C15(CAP Electrolytic TH D16C7.5H31.5)
Added Component: Designator=C20(CAP Electrolytic TH D10C5H12.5)
Added Component: Designator=C21(CAP Electrolytic TH D10C5H12.5)
Added Component: Designator=j1(screw terminal 1x4)
Added Component: Designator=J2(Pin Header 1x3 TH Pitch 2.54mm)
Added Component: Designator=j3(screw terminal 1x2)
Added Component: Designator=j4(screw terminal 1x3)
Added Component: Designator=j5(screw terminal 1x3)
Added Component: Designator=j6(screw terminal 1x3)
Added Component: Designator=R14(RES TH 0.25W H 0207$10)
Added Component: Designator=U1(CB360)
Added Component: Designator=U2(CB360)
Added Component: Designator=U3(Linear reagulator TH TO92)
Added Component: Designator=U4(Linear reagulator SMD TO252)
Added Component: Designator=VD1(Diode TH DO-41 (h) (1n4007))
Added Component: Designator=VD2(Diode TH DO-41 (h) (1n4007))
Added Component: Designator=VD3(Diode TH DO-41 (h) (1n4007))
Added Component: Designator=VD4(Diode TH DO-41 (h) (1n4007))
Added Component: Designator=VD5(Diode TH DO-41 (h) (1n4007))
Added Component: Designator=VD6(Diode TH DO-41 (h) (1n4007))
Added Component: Designator=VD7(Diode TH DO-41 (h) (1n4007))
Added Component: Designator=VD8(Diode TH DO-41 (h) (1n4007))
Added Component: Designator=VD9(LED TH 5MM)
Added Net: Name=+12
Added Net: Name=-12
Added Net: Name=GND
Added Net: Name=NetC1_1
Added Net: Name=NetC1_2
Added Net: Name=NetC2_1
Added Net: Name=NetC2_2
Added Net: Name=NetC6_1
Added Net: Name=NetC6_2
Added Net: Name=NetC7_1
Added Net: Name=NetC8_2
Added Net: Name=NetC9_1
Added Net: Name=NetC9_2
Added Net: Name=NetC10_1
Added Net: Name=NetC10_2
Added Net: Name=NetC11_1
Added Net: Name=NetC12_1
Added Net: Name=NetC12_2
Added Net: Name=NetC13_2
Added Net: Name=NetC18_1
Added Net: Name=NetC19_2
Added Net: Name=NetJ2_2
Added Net: Name=NetJ2_3
Added Net: Name=Netj4_1
Added Net: Name=Netj4_3
Added Net: Name=NetR14_2
Added Class: Name=Amp
Added Class: Name=Power supply
Added Room: Name=Amp
Added Room: Name=Power supply
