Added Component: Designator=C1(CAP Electrolytic TH D16C7.5H31.5)
Added Component: Designator=C2(CAP Electrolytic TH D10C5H12.5)
Added Component: Designator=C3(CAP Ceramic TH AY2102M29Y5US63L7)
Added Component: Designator=C4(CAP Ceramic TH AY2102M29Y5US63L7)
Added Component: Designator=C5(CAP Electrolytic TH D16C7.5H31.5)
Added Component: Designator=C6(CAP Electrolytic TH D10C5H12.5)
Added Component: Designator=C7(CAP Ceramic TH AY2102M29Y5US63L7)
Added Component: Designator=C8(CAP Ceramic TH AY2102M29Y5US63L7)
Added Component: Designator=j1(screw terminal 1x3)
Added Component: Designator=j2(screw terminal 1x3)
Added Component: Designator=j3(screw terminal 1x3)
Added Component: Designator=R1(RES TH 0.25W H 0207$10)
Added Component: Designator=U1(Linear reagulator TH TO92)
Added Component: Designator=U2(Linear reagulator SMD TO252)
Added Component: Designator=VD1(Diode TH DO-41 (h) (1n4007))
Added Component: Designator=VD2(Diode TH DO-41 (h) (1n4007))
Added Component: Designator=VD3(LED TH 5MM)
Added Component: Designator=VD4(Diode TH DO-41 (h) (1n4007))
Added Component: Designator=VD5(Diode TH DO-41 (h) (1n4007))
Added Net: Name=NetC1_1
Added Net: Name=NetC5_2
