Replace Part C1 Capacitor Aluminium in D:\Documents\Altium\Projects\Audio amp\Audio amp\Amp.SchDoc with Capacitor Aluminium from Passive.IntLib
Replace Part C2 Capacitor Aluminium in D:\Documents\Altium\Projects\Audio amp\Audio amp\Amp.SchDoc with Capacitor Aluminium from Passive.IntLib
Replace Part C? Capacitor Aluminium in D:\Documents\Altium\Projects\Audio amp\Audio amp\Amp.SchDoc with Capacitor Aluminium from Passive.IntLib
Replace Part C? Capacitor Aluminium in D:\Documents\Altium\Projects\Audio amp\Audio amp\Amp.SchDoc with Capacitor Aluminium from Passive.IntLib
Replace Part C? Capacitor Film in D:\Documents\Altium\Projects\Audio amp\Audio amp\Amp.SchDoc with Capacitor Film from Passive.IntLib
Replace Part C? Capacitor Film in D:\Documents\Altium\Projects\Audio amp\Audio amp\Amp.SchDoc with Capacitor Film from Passive.IntLib
Replace Part C? Capacitor Aluminium in D:\Documents\Altium\Projects\Audio amp\Audio amp\Amp.SchDoc with Capacitor Aluminium from Passive.IntLib
Replace Part C? Capacitor Aluminium in D:\Documents\Altium\Projects\Audio amp\Audio amp\Amp.SchDoc with Capacitor Aluminium from Passive.IntLib
Replace Part C? Capacitor Aluminium in D:\Documents\Altium\Projects\Audio amp\Audio amp\Amp.SchDoc with Capacitor Aluminium from Passive.IntLib
Replace Part C? Capacitor Film in D:\Documents\Altium\Projects\Audio amp\Audio amp\Amp.SchDoc with Capacitor Film from Passive.IntLib
Replace Part C? Capacitor Aluminium in D:\Documents\Altium\Projects\Audio amp\Audio amp\Amp.SchDoc with Capacitor Aluminium from Passive.IntLib
Replace Part C? Capacitor Aluminium in D:\Documents\Altium\Projects\Audio amp\Audio amp\Amp.SchDoc with Capacitor Aluminium from Passive.IntLib
Replace Part J? pinheader 1x3 in D:\Documents\Altium\Projects\Audio amp\Audio amp\Amp.SchDoc with pinheader 1x3 from connectors.IntLib
Replace Part j? screw terminal 1x4 in D:\Documents\Altium\Projects\Audio amp\Audio amp\Amp.SchDoc with screw terminal 1x4 from connectors.IntLib
Replace Part R1 Resistor Fixed in D:\Documents\Altium\Projects\Audio amp\Audio amp\Amp.SchDoc with Resistor Fixed from Passive.IntLib
Replace Part R2 Resistor Fixed in D:\Documents\Altium\Projects\Audio amp\Audio amp\Amp.SchDoc with Resistor Fixed from Passive.IntLib
Replace Part R? Resistor Fixed in D:\Documents\Altium\Projects\Audio amp\Audio amp\Amp.SchDoc with Resistor Fixed from Passive.IntLib
Replace Part R? Resistor Fixed in D:\Documents\Altium\Projects\Audio amp\Audio amp\Amp.SchDoc with Resistor Fixed from Passive.IntLib
Replace Part R? Resistor Fixed in D:\Documents\Altium\Projects\Audio amp\Audio amp\Amp.SchDoc with Resistor Fixed from Passive.IntLib
Replace Part R? Resistor Fixed in D:\Documents\Altium\Projects\Audio amp\Audio amp\Amp.SchDoc with Resistor Fixed from Passive.IntLib
Replace Part R? Resistor Fixed in D:\Documents\Altium\Projects\Audio amp\Audio amp\Amp.SchDoc with Resistor Fixed from Passive.IntLib
Replace Part R? Resistor Fixed in D:\Documents\Altium\Projects\Audio amp\Audio amp\Amp.SchDoc with Resistor Fixed from Passive.IntLib
Replace Part R? Resistor Fixed in D:\Documents\Altium\Projects\Audio amp\Audio amp\Amp.SchDoc with Resistor Fixed from Passive.IntLib
Replace Part R? Resistor Fixed in D:\Documents\Altium\Projects\Audio amp\Audio amp\Amp.SchDoc with Resistor Fixed from Passive.IntLib
Replace Part R? Resistor Fixed in D:\Documents\Altium\Projects\Audio amp\Audio amp\Amp.SchDoc with Resistor Fixed from Passive.IntLib
Replace Part R? Resistor Fixed in D:\Documents\Altium\Projects\Audio amp\Audio amp\Amp.SchDoc with Resistor Fixed from Passive.IntLib
Replace Part VD? Diode single in D:\Documents\Altium\Projects\Audio amp\Audio amp\Amp.SchDoc with Diode single from diode.IntLib
Replace Part VD? Diode single in D:\Documents\Altium\Projects\Audio amp\Audio amp\Amp.SchDoc with Diode single from diode.IntLib
Replace Part VD? Diode single in D:\Documents\Altium\Projects\Audio amp\Audio amp\Amp.SchDoc with Diode single from diode.IntLib
Replace Part VD? Diode single in D:\Documents\Altium\Projects\Audio amp\Audio amp\Amp.SchDoc with Diode single from diode.IntLib
