Change Component Designator: OldDesignator=C? NewDesignator=C9
Change Component Designator: OldDesignator=C? NewDesignator=C10
Change Component Designator: OldDesignator=C? NewDesignator=C11
Change Component Designator: OldDesignator=C? NewDesignator=C12
Change Component Designator: OldDesignator=C? NewDesignator=C13
Change Component Designator: OldDesignator=R? NewDesignator=R8
Change Component Designator: OldDesignator=R? NewDesignator=R9
Change Component Designator: OldDesignator=R? NewDesignator=R10
Change Component Designator: OldDesignator=R? NewDesignator=R11
Change Component Designator: OldDesignator=R? NewDesignator=R12
Change Component Designator: OldDesignator=R? NewDesignator=R13
Change Component Designator: OldDesignator=VD? NewDesignator=VD3
Change Component Designator: OldDesignator=VD? NewDesignator=VD4
Change Net Name : Old Net Name=NetC?_1 New Net Name=NetC10_1
Change Net Name : Old Net Name=NetC?_2 New Net Name=NetC10_2
Added Pin To Net: NetName=NetC9_1 Pin=C9-1
Added Pin To Net: NetName=NetC9_1 Pin=R7-5
Added Net: Name=NetC9_1
Added Pin To Net: NetName=NetC9_2 Pin=C9-2
Added Pin To Net: NetName=NetC9_2 Pin=R9-2
Added Net: Name=NetC9_2
Added Pin To Net: NetName=NetC11_1 Pin=C11-1
Added Pin To Net: NetName=NetC11_1 Pin=R8-1
Added Pin To Net: NetName=NetC11_1 Pin=R9-1
Added Pin To Net: NetName=NetC11_1 Pin=R11-2
Added Net: Name=NetC11_1
Added Pin To Net: NetName=NetC12_1 Pin=C12-1
Added Pin To Net: NetName=NetC12_1 Pin=R12-1
Added Net: Name=NetC12_1
Added Pin To Net: NetName=NetC13_2 Pin=C13-2
Added Pin To Net: NetName=NetC13_2 Pin=R10-1
Added Net: Name=NetC13_2
Added Member To Class: ClassName=Amp Member=Component C9 Aluminium capacitor, 2.2uF, 25V, ±20%, 54mOhm, 14x10x5 mm, -55...+105°C
Added Member To Class: ClassName=Amp Member=Component C10 Aluminium capacitor, 2200µF, 50V, ±20%, 54mOhm, 14x10x5 mm, -55...+105°C
Added Member To Class: ClassName=Amp Member=Component C11 Aluminium capacitor, 22uF, 25V, ±20%, 54mOhm, 14x10x5 mm, -55...+105°C
Added Member To Class: ClassName=Amp Member=Component C13 Film capacitor, 220nF, 450VDC, ±10%, 10.9mOhm, 31.5x15 mm, -40...+105°C
Added Member To Class: ClassName=Amp Member=Component R9 Resistor film, 100k, ±5%, 0201, 0.05W, -55...+125°C
Added Member To Class: ClassName=Amp Member=Component R10 Resistor film, 1, ±5%, 0201, 0.05W, -55...+125°C
Added Member To Class: ClassName=Amp Member=Component R11 Resistor film, 100k, ±5%, 0201, 0.05W, -55...+125°C
Added Member To Class: ClassName=Amp Member=Component R12 Resistor film, 100k, ±5%, 0201, 0.05W, -55...+125°C
Added Member To Class: ClassName=Amp Member=Component R13 Resistor film, 4.7k, ±5%, 0201, 0.05W, -55...+125°C
Added Member To Class: ClassName=Amp Member=Component VD3 Single diode, 75V, 150mA, 1V, 4ns, SOD-323, -55...+150°C
