Added Component: Designator=C?(CAP Electrolytic TH D5C2H11)
Add component (AddParameter): Name = "HelpURL"; Value = "https://www.digikey.com/product-detail/en/wurth-electronics-inc/860080475013/732-9029-1-ND/5728972"; VariantName = "[No Variations]"
Add component (AddParameter): Name = "Impedance"; Value = "54mOhm"; VariantName = "[No Variations]"
Add component (AddParameter): Name = "Manufacturer"; Value = "Wurth"; VariantName = "[No Variations]"
Add component (AddParameter): Name = "Package"; Value = "14x10x5 mm"; VariantName = "[No Variations]"
Add component (AddParameter): Name = "PartNumber"; Value = "860080475013"; VariantName = "[No Variations]"
Add component (AddParameter): Name = "Temperature"; Value = "-55...+105°C"; VariantName = "[No Variations]"
Add component (AddParameter): Name = "Tolerance"; Value = "±20%"; VariantName = "[No Variations]"
Add component (AddParameter): Name = "TypeCapacitor"; Value = "Aluminium capacitor"; VariantName = "[No Variations]"
Add component (AddParameter): Name = "Value"; Value = "2.2uF"; VariantName = "[No Variations]"
Add component (AddParameter): Name = "ValueManufacturerPartNumber"; Value = "Aluminium capacitor, 2.2uF, 25V, ±20%, 54mOhm, 14x10x5 mm, -55...+105°C"; VariantName = "[No Variations]"
Add component (AddParameter): Name = "Voltage"; Value = "25V"; VariantName = "[No Variations]"
Added Component: Designator=C?(CAP Electrolytic TH D16C7.5H31.5)
Add component (AddParameter): Name = "HelpURL"; Value = "https://www.digikey.com/product-detail/en/wurth-electronics-inc/860080475013/732-9029-1-ND/5728972"; VariantName = "[No Variations]"
Add component (AddParameter): Name = "Impedance"; Value = "54mOhm"; VariantName = "[No Variations]"
Add component (AddParameter): Name = "Manufacturer"; Value = "Wurth"; VariantName = "[No Variations]"
Add component (AddParameter): Name = "Package"; Value = "14x10x5 mm"; VariantName = "[No Variations]"
Add component (AddParameter): Name = "PartNumber"; Value = "860080475013"; VariantName = "[No Variations]"
Add component (AddParameter): Name = "Temperature"; Value = "-55...+105°C"; VariantName = "[No Variations]"
Add component (AddParameter): Name = "Tolerance"; Value = "±20%"; VariantName = "[No Variations]"
Add component (AddParameter): Name = "TypeCapacitor"; Value = "Aluminium capacitor"; VariantName = "[No Variations]"
Add component (AddParameter): Name = "Value"; Value = "2200µF"; VariantName = "[No Variations]"
Add component (AddParameter): Name = "ValueManufacturerPartNumber"; Value = "Aluminium capacitor, 2200µF, 50V, ±20%, 54mOhm, 14x10x5 mm, -55...+105°C"; VariantName = "[No Variations]"
Add component (AddParameter): Name = "Voltage"; Value = "50V"; VariantName = "[No Variations]"
Added Component: Designator=C?(CAP Electrolytic TH D5C2H11)
Add component (AddParameter): Name = "HelpURL"; Value = "https://www.digikey.com/product-detail/en/wurth-electronics-inc/860080475013/732-9029-1-ND/5728972"; VariantName = "[No Variations]"
Add component (AddParameter): Name = "Impedance"; Value = "54mOhm"; VariantName = "[No Variations]"
Add component (AddParameter): Name = "Manufacturer"; Value = "Wurth"; VariantName = "[No Variations]"
Add component (AddParameter): Name = "Package"; Value = "14x10x5 mm"; VariantName = "[No Variations]"
Add component (AddParameter): Name = "PartNumber"; Value = "860080475013"; VariantName = "[No Variations]"
Add component (AddParameter): Name = "Temperature"; Value = "-55...+105°C"; VariantName = "[No Variations]"
Add component (AddParameter): Name = "Tolerance"; Value = "±20%"; VariantName = "[No Variations]"
Add component (AddParameter): Name = "TypeCapacitor"; Value = "Aluminium capacitor"; VariantName = "[No Variations]"
Add component (AddParameter): Name = "Value"; Value = "22uF"; VariantName = "[No Variations]"
Add component (AddParameter): Name = "ValueManufacturerPartNumber"; Value = "Aluminium capacitor, 22uF, 25V, ±20%, 54mOhm, 14x10x5 mm, -55...+105°C"; VariantName = "[No Variations]"
Add component (AddParameter): Name = "Voltage"; Value = "25V"; VariantName = "[No Variations]"
Added Component: Designator=C?(CAP Electrolytic TH D5C2H11)
Add component (AddParameter): Name = "HelpURL"; Value = "https://www.digikey.com/product-detail/en/wurth-electronics-inc/860080475013/732-9029-1-ND/5728972"; VariantName = "[No Variations]"
Add component (AddParameter): Name = "Impedance"; Value = "54mOhm"; VariantName = "[No Variations]"
Add component (AddParameter): Name = "Manufacturer"; Value = "Wurth"; VariantName = "[No Variations]"
Add component (AddParameter): Name = "Package"; Value = "14x10x5 mm"; VariantName = "[No Variations]"
Add component (AddParameter): Name = "PartNumber"; Value = "860080475013"; VariantName = "[No Variations]"
Add component (AddParameter): Name = "Temperature"; Value = "-55...+105°C"; VariantName = "[No Variations]"
Add component (AddParameter): Name = "Tolerance"; Value = "±20%"; VariantName = "[No Variations]"
Add component (AddParameter): Name = "TypeCapacitor"; Value = "Aluminium capacitor"; VariantName = "[No Variations]"
Add component (AddParameter): Name = "Value"; Value = "2.2uF"; VariantName = "[No Variations]"
Add component (AddParameter): Name = "ValueManufacturerPartNumber"; Value = "Aluminium capacitor, 2.2uF, 25V, ±20%, 54mOhm, 14x10x5 mm, -55...+105°C"; VariantName = "[No Variations]"
Add component (AddParameter): Name = "Voltage"; Value = "25V"; VariantName = "[No Variations]"
Added Component: Designator=C?(CAP: AY2102M29Y5US63L7)
Add component (AddParameter): Name = "HelpURL"; Value = "https://www.digikey.com/products/en/capacitors/film-capacitors/62?k=&pkeyword=&sv=0&pv2097=1958&sf=0&FV=fffc01ef%2C1f140000%2Cffe0003e%2Cffec6366&quantity=1&ColumnSort=1000011&page=1&stock=1&pageSize=25"; VariantName = "[No Variations]"
Add component (AddParameter): Name = "Impedance"; Value = "10.9mOhm"; VariantName = "[No Variations]"
Add component (AddParameter): Name = "Manufacturer"; Value = "Epcos"; VariantName = "[No Variations]"
Add component (AddParameter): Name = "Package"; Value = "31.5x15 mm"; VariantName = "[No Variations]"
Add component (AddParameter): Name = "PartNumber"; Value = "B32774D4106K000"; VariantName = "[No Variations]"
Add component (AddParameter): Name = "Temperature"; Value = "-40...+105°C"; VariantName = "[No Variations]"
Add component (AddParameter): Name = "Tolerance"; Value = "±10%"; VariantName = "[No Variations]"
Add component (AddParameter): Name = "TypeCapacitor"; Value = "Film capacitor"; VariantName = "[No Variations]"
Add component (AddParameter): Name = "Value"; Value = "220nF"; VariantName = "[No Variations]"
Add component (AddParameter): Name = "ValueManufacturerPartNumber"; Value = "Film capacitor, 220nF, 450VDC, ±10%, 10.9mOhm, 31.5x15 mm, -40...+105°C"; VariantName = "[No Variations]"
Add component (AddParameter): Name = "Voltage"; Value = "450VDC"; VariantName = "[No Variations]"
Added Component: Designator=R?(Res TH 1/8w)
Add component (AddParameter): Name = "HelpURL"; Value = "https://www.digikey.com/product-detail/en/yageo/RC0201JR-07100RL/311-100NCT-ND/1949006"; VariantName = "[No Variations]"
Add component (AddParameter): Name = "Manufacturer"; Value = "Yageo"; VariantName = "[No Variations]"
Add component (AddParameter): Name = "Package"; Value = "0201"; VariantName = "[No Variations]"
Add component (AddParameter): Name = "PartNumber"; Value = "RC0201JR-07100RL"; VariantName = "[No Variations]"
Add component (AddParameter): Name = "Power"; Value = "0.05W"; VariantName = "[No Variations]"
Add component (AddParameter): Name = "Temperature"; Value = "-55...+125°C"; VariantName = "[No Variations]"
Add component (AddParameter): Name = "Tolerance"; Value = "±5%"; VariantName = "[No Variations]"
Add component (AddParameter): Name = "TypeResistor"; Value = "Resistor film"; VariantName = "[No Variations]"
Add component (AddParameter): Name = "Value"; Value = "100k"; VariantName = "[No Variations]"
Add component (AddParameter): Name = "ValueManufacturerPartNumber"; Value = "Resistor film, 100k, ±5%, 0201, 0.05W, -55...+125°C"; VariantName = "[No Variations]"
Added Component: Designator=R?(Res TH 1/8w)
Add component (AddParameter): Name = "HelpURL"; Value = "https://www.digikey.com/product-detail/en/yageo/RC0201JR-07100RL/311-100NCT-ND/1949006"; VariantName = "[No Variations]"
Add component (AddParameter): Name = "Manufacturer"; Value = "Yageo"; VariantName = "[No Variations]"
Add component (AddParameter): Name = "Package"; Value = "0201"; VariantName = "[No Variations]"
Add component (AddParameter): Name = "PartNumber"; Value = "RC0201JR-07100RL"; VariantName = "[No Variations]"
Add component (AddParameter): Name = "Power"; Value = "0.05W"; VariantName = "[No Variations]"
Add component (AddParameter): Name = "Temperature"; Value = "-55...+125°C"; VariantName = "[No Variations]"
Add component (AddParameter): Name = "Tolerance"; Value = "±5%"; VariantName = "[No Variations]"
Add component (AddParameter): Name = "TypeResistor"; Value = "Resistor film"; VariantName = "[No Variations]"
Add component (AddParameter): Name = "Value"; Value = "100k"; VariantName = "[No Variations]"
Add component (AddParameter): Name = "ValueManufacturerPartNumber"; Value = "Resistor film, 100k, ±5%, 0201, 0.05W, -55...+125°C"; VariantName = "[No Variations]"
Added Component: Designator=R?(Res TH 1/8w)
Add component (AddParameter): Name = "HelpURL"; Value = "https://www.digikey.com/product-detail/en/yageo/RC0201JR-07100RL/311-100NCT-ND/1949006"; VariantName = "[No Variations]"
Add component (AddParameter): Name = "Manufacturer"; Value = "Yageo"; VariantName = "[No Variations]"
Add component (AddParameter): Name = "Package"; Value = "0201"; VariantName = "[No Variations]"
Add component (AddParameter): Name = "PartNumber"; Value = "RC0201JR-07100RL"; VariantName = "[No Variations]"
Add component (AddParameter): Name = "Power"; Value = "0.05W"; VariantName = "[No Variations]"
Add component (AddParameter): Name = "Temperature"; Value = "-55...+125°C"; VariantName = "[No Variations]"
Add component (AddParameter): Name = "Tolerance"; Value = "±5%"; VariantName = "[No Variations]"
Add component (AddParameter): Name = "TypeResistor"; Value = "Resistor film"; VariantName = "[No Variations]"
Add component (AddParameter): Name = "Value"; Value = "100k"; VariantName = "[No Variations]"
Add component (AddParameter): Name = "ValueManufacturerPartNumber"; Value = "Resistor film, 100k, ±5%, 0201, 0.05W, -55...+125°C"; VariantName = "[No Variations]"
Added Component: Designator=R?(Res TH 1/8w)
Add component (AddParameter): Name = "HelpURL"; Value = "https://www.digikey.com/product-detail/en/yageo/RC0201JR-07100RL/311-100NCT-ND/1949006"; VariantName = "[No Variations]"
Add component (AddParameter): Name = "Manufacturer"; Value = "Yageo"; VariantName = "[No Variations]"
Add component (AddParameter): Name = "Package"; Value = "0201"; VariantName = "[No Variations]"
Add component (AddParameter): Name = "PartNumber"; Value = "RC0201JR-07100RL"; VariantName = "[No Variations]"
Add component (AddParameter): Name = "Power"; Value = "0.05W"; VariantName = "[No Variations]"
Add component (AddParameter): Name = "Temperature"; Value = "-55...+125°C"; VariantName = "[No Variations]"
Add component (AddParameter): Name = "Tolerance"; Value = "±5%"; VariantName = "[No Variations]"
Add component (AddParameter): Name = "TypeResistor"; Value = "Resistor film"; VariantName = "[No Variations]"
Add component (AddParameter): Name = "Value"; Value = "1"; VariantName = "[No Variations]"
Add component (AddParameter): Name = "ValueManufacturerPartNumber"; Value = "Resistor film, 1, ±5%, 0201, 0.05W, -55...+125°C"; VariantName = "[No Variations]"
Added Component: Designator=R?(Res TH 1/8w)
Add component (AddParameter): Name = "HelpURL"; Value = "https://www.digikey.com/product-detail/en/yageo/RC0201JR-07100RL/311-100NCT-ND/1949006"; VariantName = "[No Variations]"
Add component (AddParameter): Name = "Manufacturer"; Value = "Yageo"; VariantName = "[No Variations]"
Add component (AddParameter): Name = "Package"; Value = "0201"; VariantName = "[No Variations]"
Add component (AddParameter): Name = "PartNumber"; Value = "RC0201JR-07100RL"; VariantName = "[No Variations]"
Add component (AddParameter): Name = "Power"; Value = "0.05W"; VariantName = "[No Variations]"
Add component (AddParameter): Name = "Temperature"; Value = "-55...+125°C"; VariantName = "[No Variations]"
Add component (AddParameter): Name = "Tolerance"; Value = "±5%"; VariantName = "[No Variations]"
Add component (AddParameter): Name = "TypeResistor"; Value = "Resistor film"; VariantName = "[No Variations]"
Add component (AddParameter): Name = "Value"; Value = "100k"; VariantName = "[No Variations]"
Add component (AddParameter): Name = "ValueManufacturerPartNumber"; Value = "Resistor film, 100k, ±5%, 0201, 0.05W, -55...+125°C"; VariantName = "[No Variations]"
Added Component: Designator=R?(Res TH 1/8w)
Add component (AddParameter): Name = "HelpURL"; Value = "https://www.digikey.com/product-detail/en/yageo/RC0201JR-07100RL/311-100NCT-ND/1949006"; VariantName = "[No Variations]"
Add component (AddParameter): Name = "Manufacturer"; Value = "Yageo"; VariantName = "[No Variations]"
Add component (AddParameter): Name = "Package"; Value = "0201"; VariantName = "[No Variations]"
Add component (AddParameter): Name = "PartNumber"; Value = "RC0201JR-07100RL"; VariantName = "[No Variations]"
Add component (AddParameter): Name = "Power"; Value = "0.05W"; VariantName = "[No Variations]"
Add component (AddParameter): Name = "Temperature"; Value = "-55...+125°C"; VariantName = "[No Variations]"
Add component (AddParameter): Name = "Tolerance"; Value = "±5%"; VariantName = "[No Variations]"
Add component (AddParameter): Name = "TypeResistor"; Value = "Resistor film"; VariantName = "[No Variations]"
Add component (AddParameter): Name = "Value"; Value = "4.7k"; VariantName = "[No Variations]"
Add component (AddParameter): Name = "ValueManufacturerPartNumber"; Value = "Resistor film, 4.7k, ±5%, 0201, 0.05W, -55...+125°C"; VariantName = "[No Variations]"
Added Component: Designator=VD?(Diode TH DO-41 (h) (1n4007))
Add component (AddParameter): Name = "Current"; Value = "150mA"; VariantName = "[No Variations]"
Add component (AddParameter): Name = "HelpURL"; Value = "https://www.digikey.com/product-detail/en/micro-commercial-co/1N4148WX-TP/1N4148WXTPMSCT-ND/717312"; VariantName = "[No Variations]"
Add component (AddParameter): Name = "Manufacturer"; Value = "Micro Commercial"; VariantName = "[No Variations]"
Add component (AddParameter): Name = "Package"; Value = "SOD-323"; VariantName = "[No Variations]"
Add component (AddParameter): Name = "PartNumber"; Value = "1N4148WX-TP"; VariantName = "[No Variations]"
Add component (AddParameter): Name = "RecoveryTime"; Value = "4ns"; VariantName = "[No Variations]"
Add component (AddParameter): Name = "Temperature"; Value = "-55...+150°C"; VariantName = "[No Variations]"
Add component (AddParameter): Name = "TypeDiode"; Value = "Single diode"; VariantName = "[No Variations]"
Add component (AddParameter): Name = "ValueManufacturerPartNumber"; Value = "Single diode, 75V, 150mA, 1V, 4ns, SOD-323, -55...+150°C"; VariantName = "[No Variations]"
Add component (AddParameter): Name = "Voltage"; Value = "75V"; VariantName = "[No Variations]"
Add component (AddParameter): Name = "VoltageDrop"; Value = "1V"; VariantName = "[No Variations]"
Added Component: Designator=VD?(Diode TH DO-41 (h) (1n4007))
Add component (AddParameter): Name = "Current"; Value = "150mA"; VariantName = "[No Variations]"
Add component (AddParameter): Name = "HelpURL"; Value = "https://www.digikey.com/product-detail/en/micro-commercial-co/1N4148WX-TP/1N4148WXTPMSCT-ND/717312"; VariantName = "[No Variations]"
Add component (AddParameter): Name = "Manufacturer"; Value = "Micro Commercial"; VariantName = "[No Variations]"
Add component (AddParameter): Name = "Package"; Value = "SOD-323"; VariantName = "[No Variations]"
Add component (AddParameter): Name = "PartNumber"; Value = "1N4148WX-TP"; VariantName = "[No Variations]"
Add component (AddParameter): Name = "RecoveryTime"; Value = "4ns"; VariantName = "[No Variations]"
Add component (AddParameter): Name = "Temperature"; Value = "-55...+150°C"; VariantName = "[No Variations]"
Add component (AddParameter): Name = "TypeDiode"; Value = "Single diode"; VariantName = "[No Variations]"
Add component (AddParameter): Name = "ValueManufacturerPartNumber"; Value = "Single diode, 75V, 150mA, 1V, 4ns, SOD-323, -55...+150°C"; VariantName = "[No Variations]"
Add component (AddParameter): Name = "Voltage"; Value = "75V"; VariantName = "[No Variations]"
Add component (AddParameter): Name = "VoltageDrop"; Value = "1V"; VariantName = "[No Variations]"
Added Pin To Net: NetName=GND Pin=C?-1
Added Pin To Net: NetName=GND Pin=C?-2
Added Pin To Net: NetName=NetC6_2 Pin=j1-1
Added Pin To Net: NetName=GND Pin=j1-2
Added Pin To Net: NetName=GND Pin=j1-4
Added Pin To Net: NetName=GND Pin=R?-1
Added Pin To Net: NetName=GND Pin=R?-1
Added Pin To Net: NetName=+12 Pin=R?-2
Added Pin To Net: NetName=GND Pin=VD?-1
Added Pin To Net: NetName=+12 Pin=VD?-2
Added Pin To Net: NetName=NetC?_1 Pin=C?-1
Added Pin To Net: NetName=NetC?_1 Pin=R?-1
Added Net: Name=NetC?_1
Added Pin To Net: NetName=NetC?_2 Pin=C?-2
Added Pin To Net: NetName=NetC?_2 Pin=j1-3
Added Pin To Net: NetName=NetC?_2 Pin=R?-2
Added Net: Name=NetC?_2
Added Member To Class: ClassName=Amp Member=Component C? Aluminium capacitor, 2.2uF, 25V, ±20%, 54mOhm, 14x10x5 mm, -55...+105°C
Added Member To Class: ClassName=Amp Member=Component C? Aluminium capacitor, 2200µF, 50V, ±20%, 54mOhm, 14x10x5 mm, -55...+105°C
Added Member To Class: ClassName=Amp Member=Component C? Aluminium capacitor, 22uF, 25V, ±20%, 54mOhm, 14x10x5 mm, -55...+105°C
Added Member To Class: ClassName=Amp Member=Component C? Aluminium capacitor, 2.2uF, 25V, ±20%, 54mOhm, 14x10x5 mm, -55...+105°C
Added Member To Class: ClassName=Amp Member=Component C? Film capacitor, 220nF, 450VDC, ±10%, 10.9mOhm, 31.5x15 mm, -40...+105°C
Added Member To Class: ClassName=Amp Member=Component R? Resistor film, 100k, ±5%, 0201, 0.05W, -55...+125°C
Added Member To Class: ClassName=Amp Member=Component R? Resistor film, 100k, ±5%, 0201, 0.05W, -55...+125°C
Added Member To Class: ClassName=Amp Member=Component R? Resistor film, 100k, ±5%, 0201, 0.05W, -55...+125°C
Added Member To Class: ClassName=Amp Member=Component R? Resistor film, 1, ±5%, 0201, 0.05W, -55...+125°C
Added Member To Class: ClassName=Amp Member=Component R? Resistor film, 100k, ±5%, 0201, 0.05W, -55...+125°C
Added Member To Class: ClassName=Amp Member=Component R? Resistor film, 4.7k, ±5%, 0201, 0.05W, -55...+125°C
Added Member To Class: ClassName=Amp Member=Component VD? Single diode, 75V, 150mA, 1V, 4ns, SOD-323, -55...+150°C
Added Member To Class: ClassName=Amp Member=Component VD? Single diode, 75V, 150mA, 1V, 4ns, SOD-323, -55...+150°C
