Change Component Designator: OldDesignator=H? NewDesignator=H1
Change Component Designator: OldDesignator=H? NewDesignator=H2
Added Component: Designator=FU1(FUSE TH 4527)
Add component (AddParameter): Name = "HelpURL"; Value = "https://www.digikey.com/products/en?keywords=01110501Z"; VariantName = "[No Variations]"
Add component (AddParameter): Name = "Manufacturer"; Value = "Littelfuse"; VariantName = "[No Variations]"
Add component (AddParameter): Name = "MaxCurrent"; Value = "3A"; VariantName = "[No Variations]"
Add component (AddParameter): Name = "Package"; Value = "5x20mm"; VariantName = "[No Variations]"
Add component (AddParameter): Name = "PartNumber"; Value = "01110501Z"; VariantName = "[No Variations]"
Add component (AddParameter): Name = "TypeFuse"; Value = "Electromechanics relay"; VariantName = "[No Variations]"
Add component (AddParameter): Name = "ValueManufacturerPartNumber"; Value = "Electromechanics relay, 250VAC, 3A, 5x20mm, "; VariantName = "[No Variations]"
Add component (AddParameter): Name = "VoltageMax"; Value = "250VAC"; VariantName = "[No Variations]"
Added Component: Designator=FU2(FUSE TH 4527)
Add component (AddParameter): Name = "HelpURL"; Value = "https://www.digikey.com/products/en?keywords=01110501Z"; VariantName = "[No Variations]"
Add component (AddParameter): Name = "Manufacturer"; Value = "Littelfuse"; VariantName = "[No Variations]"
Add component (AddParameter): Name = "MaxCurrent"; Value = "3A"; VariantName = "[No Variations]"
Add component (AddParameter): Name = "Package"; Value = "5x20mm"; VariantName = "[No Variations]"
Add component (AddParameter): Name = "PartNumber"; Value = "01110501Z"; VariantName = "[No Variations]"
Add component (AddParameter): Name = "TypeFuse"; Value = "Electromechanics relay"; VariantName = "[No Variations]"
Add component (AddParameter): Name = "ValueManufacturerPartNumber"; Value = "Electromechanics relay, 250VAC, 3A, 5x20mm, "; VariantName = "[No Variations]"
Add component (AddParameter): Name = "VoltageMax"; Value = "250VAC"; VariantName = "[No Variations]"
Added Pin To Net: NetName=GND Pin=U2-3
Added Pin To Net: NetName=NetFU1_1 Pin=FU1-1
Added Pin To Net: NetName=NetFU1_1 Pin=j1-1
Added Net: Name=NetFU1_1
Added Pin To Net: NetName=NetFU1_2 Pin=FU1-2
Added Pin To Net: NetName=NetFU1_2 Pin=VD1-2
Added Pin To Net: NetName=NetFU1_2 Pin=VD3-1
Added Net: Name=NetFU1_2
Added Pin To Net: NetName=NetFU2_1 Pin=FU2-1
Added Pin To Net: NetName=NetFU2_1 Pin=j1-3
Added Net: Name=NetFU2_1
Added Pin To Net: NetName=NetFU2_2 Pin=FU2-2
Added Pin To Net: NetName=NetFU2_2 Pin=VD2-2
Added Pin To Net: NetName=NetFU2_2 Pin=VD4-1
Added Net: Name=NetFU2_2
Added Member To Class: ClassName=Power supply Member=Component FU1 Electromechanics relay, 250VAC, 3A, 5x20mm, 
Added Member To Class: ClassName=Power supply Member=Component FU2 Electromechanics relay, 250VAC, 3A, 5x20mm, 
Added Member To Class: ClassName=Power supply Member=Component H1 Heatsink 1 pad transistor TO220
Added Room: Name=Power supply
